04/16/14 17:10:10 : unsupported attribute color (epoc32\build\s60\icons\temp\s280.tmp\._qgn_fr_hs_dimmed_bg.svg)
04/16/14 17:10:10 : unsupported attribute fill-rule (epoc32\build\s60\icons\temp\s280.tmp\._qgn_graf_call_image_1.svg)
04/16/14 17:10:14 : unsupported attribute display (epoc32\build\s60\icons\temp\s280.tmp\._tsicon_qgn_menu_phob_cxt.svg)
04/16/14 17:10:14 : unsupported attribute display (epoc32\build\s60\icons\temp\s280.tmp\._tsicon_qgn_menu_mce_cxt.svg)
04/16/14 17:10:14 : unsupported attribute display (epoc32\build\s60\icons\temp\s280.tmp\._tsicon_qgn_menu_cmail.svg)
04/16/14 17:10:14 : unsupported attribute display (epoc32\build\s60\icons\temp\s280.tmp\._tsicon_qgn_menu_smsvo_cxt.svg)
04/16/14 17:10:14 : unsupported attribute display (epoc32\build\s60\icons\temp\s280.tmp\._tsicon_qgn_menu_log_cxt.svg)
04/16/14 17:10:14 : unsupported attribute display (epoc32\build\s60\icons\temp\s280.tmp\._tsicon_qgn_menu_samsung_speed_dial.svg)
04/16/14 17:10:14 : unsupported attribute display (epoc32\build\s60\icons\temp\s280.tmp\._tsicon_qgn_menu_idle.svg)
04/16/14 17:10:14 : unsupported attribute display (epoc32\build\s60\icons\temp\s280.tmp\._tsicon_qgn_menu_help_cxt.svg)
04/16/14 17:10:14 : unsupported attribute display (epoc32\build\s60\icons\temp\s280.tmp\._tsicon_qgn_menu_about.svg)
04/16/14 17:10:14 : unsupported attribute display (epoc32\build\s60\icons\temp\s280.tmp\._tsicon_qgn_menu_fmgr_cxt.svg)
04/16/14 17:10:14 : unsupported attribute display (epoc32\build\s60\icons\temp\s280.tmp\._tsicon_qgn_menu_psln_cxt.svg)
04/16/14 17:10:14 : unsupported attribute display (epoc32\build\s60\icons\temp\s280.tmp\._tsicon_qgn_menu_set_cxt.svg)
04/16/14 17:10:14 : unsupported attribute display (epoc32\build\s60\icons\temp\s280.tmp\._tsicon_fotoss3.svg)
04/16/14 17:10:15 : unsupported attribute color (epoc32\build\s60\icons\temp\s280.tmp\._tsicon_videos3.svg)
04/16/14 17:10:15 : unsupported attribute display (epoc32\build\s60\icons\temp\s280.tmp\._tsicon_qgn_menu_mp.svg)
04/16/14 17:10:15 : unsupported attribute display (epoc32\build\s60\icons\temp\s280.tmp\._tsicon_qgn_menu_cams_cxt.svg)
04/16/14 17:10:15 : unsupported attribute color (epoc32\build\s60\icons\temp\s280.tmp\._tsicon_qgn_menu_dlna.svg)
04/16/14 17:10:15 : unsupported attribute display (epoc32\build\s60\icons\temp\s280.tmp\._tsicon_qgn_menu_wml_cxt.svg)
04/16/14 17:10:15 : unsupported attribute display (epoc32\build\s60\icons\temp\s280.tmp\._tsicon_qgn_menu_browser.svg)
04/16/14 17:10:15 : unsupported attribute display (epoc32\build\s60\icons\temp\s280.tmp\._tsicon_cerca9443673963547.svg)
04/16/14 17:10:15 : unsupported attribute display (epoc32\build\s60\icons\temp\s280.tmp\._tsicon_qgn_menu_calc.svg)
04/16/14 17:10:15 : unsupported attribute display (epoc32\build\s60\icons\temp\s280.tmp\._tsicon_qgn_menu_note_cxt.svg)
04/16/14 17:10:15 : unsupported attribute display (epoc32\build\s60\icons\temp\s280.tmp\._tsicon_qgn_menu_cale_cxt.svg)
04/16/14 17:10:15 : unsupported attribute display (epoc32\build\s60\icons\temp\s280.tmp\._tsicon_qgn_menu_wclk_cxt.svg)
04/16/14 17:10:15 : unsupported attribute display (epoc32\build\s60\icons\temp\s280.tmp\._tsicon_quickoffice.svg)
04/16/14 17:10:15 : unsupported attribute display (epoc32\build\s60\icons\temp\s280.tmp\._tsicon_qgn_menu_adobe_reader.svg)
04/16/14 17:10:16 : unsupported attribute display (epoc32\build\s60\icons\temp\s280.tmp\._tsicon_microsoft_office_mobile.svg)
04/16/14 17:10:16 : unsupported attribute display (epoc32\build\s60\icons\temp\s280.tmp\._tsicon_microsoft_onenote.svg)
04/16/14 17:10:16 : unsupported attribute color (epoc32\build\s60\icons\temp\s280.tmp\._tsicon_qgn_menu_maps.svg)
04/16/14 17:10:16 : unsupported attribute display (epoc32\build\s60\icons\temp\s280.tmp\._tsicon_qgn_menu_drive.svg)
04/16/14 17:10:16 : unsupported attribute display (epoc32\build\s60\icons\temp\s280.tmp\._tsicon_qgn_menu_guides.svg)
04/16/14 17:10:16 : unsupported attribute color (epoc32\build\s60\icons\temp\s280.tmp\._tsicon_qgn_menu_maps_loader.svg)
04/16/14 17:10:16 : unsupported attribute display (epoc32\build\s60\icons\temp\s280.tmp\._qgn_menu_folder_apps.svg)
04/16/14 17:10:16 : unsupported attribute display (epoc32\build\s60\icons\temp\s280.tmp\._qgn_menu_folder_empty.svg)
04/16/14 17:10:16 : unsupported attribute display (epoc32\build\s60\icons\temp\s280.tmp\._tsicon_opera_mobile_102599683074666.svg)
04/16/14 17:10:16 : unsupported attribute display (epoc32\build\s60\icons\temp\s280.tmp\._tsicon_office_suite.svg)
04/16/14 17:10:16 : unsupported attribute color (epoc32\build\s60\icons\temp\s280.tmp\._qgn_prop_cp_dev.svg)
04/16/14 17:10:16 : unsupported attribute color (epoc32\build\s60\icons\temp\s280.tmp\._qgn_prop_cp_conn.svg)
04/16/14 17:10:17 : unsupported attribute color (epoc32\build\s60\icons\temp\s280.tmp\._qgn_prop_set_conn_wlan_conn.svg)
04/16/14 17:10:17 : unsupported attribute color (epoc32\build\s60\icons\temp\s280.tmp\._qgn_prop_default_contact.svg)
04/16/14 17:10:17 : unsupported attribute fill-rule (epoc32\build\s60\icons\temp\s280.tmp\._qgn_indi_button_answer.svg)
04/16/14 17:10:17 : unsupported attribute fill-rule (epoc32\build\s60\icons\temp\s280.tmp\._qgn_indi_button_end_call.svg)
04/16/14 17:10:17 : unsupported attribute color (epoc32\build\s60\icons\temp\s280.tmp\._qtg_toolbar_repeat.svg)
04/16/14 17:10:17 : unsupported attribute fill-rule (epoc32\build\s60\icons\temp\s280.tmp\._qtg_toolbar_repeat_one.svg)
04/16/14 17:10:17 : unsupported attribute fill-rule (epoc32\build\s60\icons\temp\s280.tmp\._qtg_toolbar_shuffle.svg)
04/16/14 17:10:17 : unsupported attribute color (epoc32\build\s60\icons\temp\s280.tmp\._qtg_toolbar_options.svg)
04/16/14 17:10:17 : unsupported attribute color (epoc32\build\s60\icons\temp\s280.tmp\._qtg_toolbar_back.svg)
04/16/14 17:10:17 : unsupported attribute color (epoc32\build\s60\icons\temp\s280.tmp\._qtg_toolbar_done.svg)
04/16/14 17:10:17 : unsupported attribute color (epoc32\build\s60\icons\temp\s280.tmp\._qtg_large_bluetooth.svg)
04/16/14 17:10:17 : unsupported attribute fill-rule (epoc32\build\s60\icons\temp\s280.tmp\._qtg_large_missed_calendar_alarm.svg)
04/16/14 17:10:19 : unsupported attribute color (epoc32\build\s60\icons\temp\s280.tmp\._qtg_fr_popup_options_corner_tl.svg)
04/16/14 17:10:19 : unsupported attribute color (epoc32\build\s60\icons\temp\s280.tmp\._qtg_fr_popup_options_corner_tr.svg)
04/16/14 17:10:19 : unsupported attribute color (epoc32\build\s60\icons\temp\s280.tmp\._qtg_fr_popup_options_corner_bl.svg)
04/16/14 17:10:19 : unsupported attribute color (epoc32\build\s60\icons\temp\s280.tmp\._qtg_fr_popup_options_corner_br.svg)
04/16/14 17:10:19 : unsupported attribute color (epoc32\build\s60\icons\temp\s280.tmp\._qtg_fr_popup_options_side_t.svg)
04/16/14 17:10:19 : unsupported attribute color (epoc32\build\s60\icons\temp\s280.tmp\._qtg_fr_popup_options_side_b.svg)
04/16/14 17:10:20 : unsupported attribute color (epoc32\build\s60\icons\temp\s280.tmp\._qtg_fr_popup_options_side_l.svg)
04/16/14 17:10:20 : unsupported attribute color (epoc32\build\s60\icons\temp\s280.tmp\._qtg_fr_popup_options_side_r.svg)
04/16/14 17:10:20 : unsupported attribute color (epoc32\build\s60\icons\temp\s280.tmp\._qtg_fr_popup_options_center.svg)
04/16/14 17:10:22 : unsupported attribute fill-rule (epoc32\build\s60\icons\temp\s280.tmp\._qgn_prop_radiobutt_on.svg)
04/16/14 17:10:22 : unsupported attribute display (epoc32\build\s60\icons\temp\s280.tmp\._qgn_home_bg_widget_br.svg)
04/16/14 17:10:23 : unsupported attribute color (epoc32\build\s60\icons\temp\s280.tmp\._qtg_graf_panel_switch_signal_on.svg)
04/16/14 17:10:23 : unsupported attribute fill-rule (epoc32\build\s60\icons\temp\s280.tmp\._qsn_cp_clock_analogue_face_1.svg)
04/16/14 17:10:24 : unsupported attribute fill-rule (epoc32\build\s60\icons\temp\s280.tmp\._qgn_prop_refresh_mp.svg)
04/16/14 17:10:24 : unsupported attribute fill-rule (epoc32\build\s60\icons\temp\s280.tmp\._qgn_prop_refresh_mp_press.svg)
04/16/14 17:10:24 : unsupported attribute color (epoc32\build\s60\icons\temp\s280.tmp\._qtg_toolbar_play.svg)
04/16/14 17:10:24 : unsupported attribute color (epoc32\build\s60\icons\temp\s280.tmp\._qtg_toolbar_pause.svg)
